c:\hospital_system\hospital\x64\debug\vc143.pdb
c:\hospital_system\hospital\x64\debug\vc143.idb
c:\hospital_system\hospital\x64\debug\person.obj
c:\hospital_system\hospital\x64\debug\patientmanager.obj
c:\hospital_system\hospital\x64\debug\patient.obj
c:\hospital_system\hospital\x64\debug\parser.obj
c:\hospital_system\hospital\x64\debug\medicalrecordmanager.obj
c:\hospital_system\hospital\x64\debug\medicalrecord.obj
c:\hospital_system\hospital\x64\debug\hospital.obj
c:\hospital_system\hospital\x64\debug\doctormanager.obj
c:\hospital_system\hospital\x64\debug\doctor.obj
c:\hospital_system\hospital\x64\debug\appointmentmanager.obj
c:\hospital_system\hospital\x64\debug\appointment.obj
c:\hospital_system\hospital\x64\debug\searchall.obj
c:\hospital_system\hospital\x64\debug\hospital.ilk
c:\hospital_system\hospital\x64\debug\hospital.exe
c:\hospital_system\hospital\x64\debug\hospital.pdb
c:\hospital_system\hospital\x64\debug\hospital.tlog\cl.command.1.tlog
c:\hospital_system\hospital\x64\debug\hospital.tlog\cl.items.tlog
c:\hospital_system\hospital\x64\debug\hospital.tlog\cl.read.1.tlog
c:\hospital_system\hospital\x64\debug\hospital.tlog\cl.write.1.tlog
c:\hospital_system\hospital\x64\debug\hospital.tlog\link.command.1.tlog
c:\hospital_system\hospital\x64\debug\hospital.tlog\link.read.1.tlog
c:\hospital_system\hospital\x64\debug\hospital.tlog\link.write.1.tlog
